# JRE version: OpenJDK Runtime Environment (11.0.10) (build 11.0.10+0-b96-7249189)
# Java VM: OpenJDK 64-Bit Server VM (11.0.10+0-b96-7249189, mixed mode, tiered, compressed oops, g1 gc, windows-amd64)
Heap:
 garbage-first heap   total 824320K, used 184507K [0x0000000080000000, 0x0000000100000000)
  region size 1024K, 3 young (3072K), 3 survivors (3072K)
 Metaspace       used 152140K, capacity 156675K, committed 157308K, reserved 1185792K
  class space    used 18324K, capacity 20054K, committed 20224K, reserved 1048576K
GC Heap History (20 events):
Event: 16839.155 GC heap after
{Heap after GC invocations=283 (full 0):
 garbage-first heap   total 408576K, used 175592K [0x0000000080000000, 0x0000000100000000)
  region size 1024K, 2 young (2048K), 2 survivors (2048K)
 Metaspace       used 151855K, capacity 156377K, committed 157052K, reserved 1185792K
  class space    used 18301K, capacity 20016K, committed 20224K, reserved 1048576K
}
Event: 16839.435 GC heap before
{Heap before GC invocations=283 (full 0):
 garbage-first heap   total 408576K, used 193000K [0x0000000080000000, 0x0000000100000000)
  region size 1024K, 19 young (19456K), 2 survivors (2048K)
 Metaspace       used 152118K, capacity 156675K, committed 157308K, reserved 1185792K
  class space    used 18324K, capacity 20054K, committed 20224K, reserved 1048576K
}
Event: 16839.448 GC heap after
{Heap after GC invocations=284 (full 0):
 garbage-first heap   total 408576K, used 177777K [0x0000000080000000, 0x0000000100000000)
  region size 1024K, 2 young (2048K), 2 survivors (2048K)
 Metaspace       used 152118K, capacity 156675K, committed 157308K, reserved 1185792K
  class space    used 18324K, capacity 20054K, committed 20224K, reserved 1048576K
}
Event: 16839.490 GC heap before
{Heap before GC invocations=284 (full 0):
 garbage-first heap   total 408576K, used 195185K [0x0000000080000000, 0x0000000100000000)
  region size 1024K, 19 young (19456K), 2 survivors (2048K)
 Metaspace       used 152118K, capacity 156675K, committed 157308K, reserved 1185792K
  class space    used 18324K, capacity 20054K, committed 20224K, reserved 1048576K
}
Event: 16839.499 GC heap after
{Heap after GC invocations=285 (full 0):
 garbage-first heap   total 408576K, used 179345K [0x0000000080000000, 0x0000000100000000)
  region size 1024K, 2 young (2048K), 2 survivors (2048K)
 Metaspace       used 152118K, capacity 156675K, committed 157308K, reserved 1185792K
  class space    used 18324K, capacity 20054K, committed 20224K, reserved 1048576K
}
Event: 16839.559 GC heap before
{Heap before GC invocations=285 (full 0):
 garbage-first heap   total 408576K, used 196753K [0x0000000080000000, 0x0000000100000000)
  region size 1024K, 19 young (19456K), 2 survivors (2048K)
 Metaspace       used 152118K, capacity 156675K, committed 157308K, reserved 1185792K
  class space    used 18324K, capacity 20054K, committed 20224K, reserved 1048576K
}
Event: 16839.567 GC heap after
{Heap after GC invocations=286 (full 0):
 garbage-first heap   total 408576K, used 180800K [0x0000000080000000, 0x0000000100000000)
  region size 1024K, 3 young (3072K), 3 survivors (3072K)
 Metaspace       used 152118K, capacity 156675K, committed 157308K, reserved 1185792K
  class space    used 18324K, capacity 20054K, committed 20224K, reserved 1048576K
}
Event: 16839.626 GC heap before
{Heap before GC invocations=286 (full 0):
 garbage-first heap   total 408576K, used 199232K [0x0000000080000000, 0x0000000100000000)
  region size 1024K, 21 young (21504K), 3 survivors (3072K)
 Metaspace       used 152118K, capacity 156675K, committed 157308K, reserved 1185792K
  class space    used 18324K, capacity 20054K, committed 20224K, reserved 1048576K
}
Event: 16839.636 GC heap after
{Heap after GC invocations=287 (full 0):
 garbage-first heap   total 408576K, used 182116K [0x0000000080000000, 0x0000000100000000)
  region size 1024K, 3 young (3072K), 3 survivors (3072K)
 Metaspace       used 152118K, capacity 156675K, committed 157308K, reserved 1185792K
  class space    used 18324K, capacity 20054K, committed 20224K, reserved 1048576K
}
Event: 16839.751 GC heap before
{Heap before GC invocations=287 (full 0):
 garbage-first heap   total 408576K, used 220004K [0x0000000080000000, 0x0000000100000000)
  region size 1024K, 40 young (40960K), 3 survivors (3072K)
 Metaspace       used 152118K, capacity 156675K, committed 157308K, reserved 1185792K
  class space    used 18324K, capacity 20054K, committed 20224K, reserved 1048576K
}
Event: 16839.761 GC heap after
{Heap after GC invocations=288 (full 0):
 garbage-first heap   total 408576K, used 183422K [0x0000000080000000, 0x0000000100000000)
  region size 1024K, 5 young (5120K), 5 survivors (5120K)
 Metaspace       used 152118K, capacity 156675K, committed 157308K, reserved 1185792K
  class space    used 18324K, capacity 20054K, committed 20224K, reserved 1048576K
}
Event: 16840.414 GC heap before
{Heap before GC invocations=289 (full 0):
 garbage-first heap   total 408576K, used 197758K [0x0000000080000000, 0x0000000100000000)
  region size 1024K, 19 young (19456K), 5 survivors (5120K)
 Metaspace       used 152120K, capacity 156675K, committed 157308K, reserved 1185792K
  class space    used 18324K, capacity 20054K, committed 20224K, reserved 1048576K
}
Event: 16840.430 GC heap after
{Heap after GC invocations=290 (full 0):
 garbage-first heap   total 408576K, used 184735K [0x0000000080000000, 0x0000000100000000)
  region size 1024K, 2 young (2048K), 2 survivors (2048K)
 Metaspace       used 152120K, capacity 156675K, committed 157308K, reserved 1185792K
  class space    used 18324K, capacity 20054K, committed 20224K, reserved 1048576K
}
Event: 16840.713 GC heap before
{Heap before GC invocations=290 (full 0):
 garbage-first heap   total 408576K, used 202143K [0x0000000080000000, 0x0000000100000000)
  region size 1024K, 19 young (19456K), 2 survivors (2048K)
 Metaspace       used 152120K, capacity 156675K, committed 157308K, reserved 1185792K
  class space    used 18324K, capacity 20054K, committed 20224K, reserved 1048576K
}
Event: 16840.782 GC heap after
{Heap after GC invocations=291 (full 0):
 garbage-first heap   total 408576K, used 180498K [0x0000000080000000, 0x0000000100000000)
  region size 1024K, 3 young (3072K), 3 survivors (3072K)
 Metaspace       used 152120K, capacity 156675K, committed 157308K, reserved 1185792K
  class space    used 18324K, capacity 20054K, committed 20224K, reserved 1048576K
}
Event: 16841.983 GC heap before
{Heap before GC invocations=291 (full 0):
 garbage-first heap   total 408576K, used 259346K [0x0000000080000000, 0x0000000100000000)
  region size 1024K, 80 young (81920K), 3 survivors (3072K)
 Metaspace       used 152130K, capacity 156675K, committed 157308K, reserved 1185792K
  class space    used 18324K, capacity 20054K, committed 20224K, reserved 1048576K
}
Event: 16842.074 GC heap after
{Heap after GC invocations=292 (full 0):
 garbage-first heap   total 408576K, used 183390K [0x0000000080000000, 0x0000000100000000)
  region size 1024K, 6 young (6144K), 6 survivors (6144K)
 Metaspace       used 152130K, capacity 156675K, committed 157308K, reserved 1185792K
  class space    used 18324K, capacity 20054K, committed 20224K, reserved 1048576K
}
Event: 16842.447 GC heap before
{Heap before GC invocations=292 (full 0):
 garbage-first heap   total 408576K, used 203870K [0x0000000080000000, 0x0000000100000000)
  region size 1024K, 27 young (27648K), 6 survivors (6144K)
 Metaspace       used 152131K, capacity 156675K, committed 157308K, reserved 1185792K
  class space    used 18324K, capacity 20054K, committed 20224K, reserved 1048576K
}
Event: 16842.508 GC heap after
{Heap after GC invocations=293 (full 0):
 garbage-first heap   total 408576K, used 183258K [0x0000000080000000, 0x0000000100000000)
  region size 1024K, 1 young (1024K), 1 survivors (1024K)
 Metaspace       used 152131K, capacity 156675K, committed 157308K, reserved 1185792K
  class space    used 18324K, capacity 20054K, committed 20224K, reserved 1048576K
}
Event: 16844.356 GC heap before
{Heap before GC invocations=294 (full 0):
 garbage-first heap   total 408576K, used 240602K [0x0000000080000000, 0x0000000100000000)
  region size 1024K, 57 young (58368K), 1 survivors (1024K)
 Metaspace       used 152140K, capacity 156675K, committed 157308K, reserved 1185792K
  class space    used 18324K, capacity 20054K, committed 20224K, reserved 1048576K
}

